e:\tools\mods\skyrim vr\_skse workspace\sksevr\powerattackvr\x64\release\vc142.pdb
e:\tools\mods\skyrim vr\_skse workspace\sksevr\powerattackvr\x64\release\vrmanager.obj
e:\tools\mods\skyrim vr\_skse workspace\sksevr\powerattackvr\x64\release\papyrusvr.obj
e:\tools\mods\skyrim vr\_skse workspace\sksevr\powerattackvr\x64\release\powerattackvr.obj
e:\tools\mods\skyrim vr\_skse workspace\sksevr\powerattackvr\x64\release\main.obj
e:\tools\mods\skyrim vr\_skse workspace\sksevr\powerattackvr\x64\release\menuchecker.obj
e:\tools\mods\skyrim vr\_skse workspace\sksevr\powerattackvr\x64\release\openvr_hook.obj
e:\tools\mods\skyrim vr\_skse workspace\sksevr\powerattackvr\x64\release\hookvrsystem.obj
e:\tools\mods\skyrim vr\_skse workspace\sksevr\powerattackvr\x64\release\hookvrcompositor.obj
e:\tools\mods\skyrim vr\_skse workspace\sksevr\powerattackvr\x64\release\helper.obj
e:\tools\mods\skyrim vr\_skse workspace\sksevr\powerattackvr\x64\release\dirutils.obj
e:\tools\mods\skyrim vr\_skse workspace\sksevr\powerattackvr\x64\release\config.obj
e:\tools\mods\skyrim vr\_skse workspace\sksevr\powerattackvr\x64\release\openvrutils.obj
e:\tools\mods\skyrim vr\_skse workspace\sksevr\powerattackvr\x64\release\papyrusvrtypes.obj
e:\tools\mods\skyrim vr\_skse workspace\sksevr\powerattackvr\x64\release\sphere.obj
e:\tools\mods\skyrim vr\_skse workspace\sksevr\powerattackvr\x64\release\localoverlapobject.obj
f:\git\_skse workspace\sksevr\powerattackvr\x64\release\vc142.pdb
f:\git\_skse workspace\sksevr\powerattackvr\x64\release\vrmanager.obj
f:\git\_skse workspace\sksevr\powerattackvr\x64\release\papyrusvr.obj
f:\git\_skse workspace\sksevr\powerattackvr\x64\release\menuchecker.obj
f:\git\_skse workspace\sksevr\powerattackvr\x64\release\openvr_hook.obj
f:\git\_skse workspace\sksevr\powerattackvr\x64\release\hookvrsystem.obj
f:\git\_skse workspace\sksevr\powerattackvr\x64\release\hookvrcompositor.obj
f:\git\_skse workspace\sksevr\powerattackvr\x64\release\dirutils.obj
f:\git\_skse workspace\sksevr\powerattackvr\x64\release\config.obj
f:\git\_skse workspace\sksevr\powerattackvr\x64\release\openvrutils.obj
f:\git\_skse workspace\sksevr\powerattackvr\x64\release\papyrusvrtypes.obj
f:\git\_skse workspace\sksevr\powerattackvr\x64\release\sphere.obj
f:\git\_skse workspace\sksevr\powerattackvr\x64\release\localoverlapobject.obj
e:\tools\mods\skyrim vr\_skse workspace\sksevr\x64\release\powerattackvr.dll
e:\tools\mods\skyrim vr\_skse workspace\sksevr\powerattackvr\x64\release\powerattackvr.ipdb
e:\tools\mods\skyrim vr\_skse workspace\sksevr\powerattackvr\x64\release\powerattackvr.iobj
e:\tools\mods\skyrim vr\_skse workspace\sksevr\x64\release\powerattackvr.pdb
e:\tools\mods\skyrim vr\_skse workspace\sksevr\x64\release\powerattackvr.lib
e:\tools\mods\skyrim vr\_skse workspace\sksevr\x64\release\powerattackvr.exp
f:\git\_skse workspace\sksevr\powerattackvr\x64\release\helper.obj
f:\git\_skse workspace\sksevr\powerattackvr\x64\release\main.obj
f:\git\_skse workspace\sksevr\powerattackvr\x64\release\powerattackvr.obj
f:\git\_skse workspace\sksevr\powerattackvr\x64\release\powerattackvr.ipdb
f:\git\_skse workspace\sksevr\powerattackvr\x64\release\powerattackvr.iobj
f:\git\_skse workspace\sksevr\x64\release\powerattackvr.pdb
f:\git\_skse workspace\sksevr\x64\release\powerattackvr.dll
f:\git\_skse workspace\sksevr\powerattackvr\x64\release\powerattackvr.tlog\cl.command.1.tlog
f:\git\_skse workspace\sksevr\powerattackvr\x64\release\powerattackvr.tlog\cl.read.1.tlog
f:\git\_skse workspace\sksevr\powerattackvr\x64\release\powerattackvr.tlog\cl.write.1.tlog
f:\git\_skse workspace\sksevr\powerattackvr\x64\release\powerattackvr.tlog\link.command.1.tlog
f:\git\_skse workspace\sksevr\powerattackvr\x64\release\powerattackvr.tlog\link.read.1.tlog
f:\git\_skse workspace\sksevr\powerattackvr\x64\release\powerattackvr.tlog\link.write.1.tlog
f:\git\_skse workspace\sksevr\powerattackvr\x64\release\powerattackvr.tlog\powerattackvr.write.1u.tlog
